Vivado Simulator 2017.2
Copyright 1986-1999, 2001-2016 Xilinx, Inc. All Rights Reserved.
Running: C:/Xilinx/Vivado/2017.2/bin/unwrapped/win64.o/xelab.exe -wto fe3269faccf242ec98c8c04a75a3c517 --debug typical --relax --mt 2 -L blk_mem_gen_v8_3_6 -L xil_defaultlib -L work -L unisims_ver -L unimacro_ver -L secureip -L xpm --snapshot TB_FILTER_behav xil_defaultlib.TB_FILTER xil_defaultlib.glbl -log elaborate.log 
Using 2 slave threads.
Starting static elaboration
WARNING: [VRFC 10-1783] select index 30 into current_contents is out of bounds [/wrk/2017.sub/2017.2.1/nightly/2017_08_09_1957588/packages/customer/vivado/data/ip/xilinx/blk_mem_gen_v8_3/simulation/blk_mem_gen_v8_3.v:2419]
WARNING: [VRFC 10-1783] select index 62 into current_contents is out of bounds [/wrk/2017.sub/2017.2.1/nightly/2017_08_09_1957588/packages/customer/vivado/data/ip/xilinx/blk_mem_gen_v8_3/simulation/blk_mem_gen_v8_3.v:2420]
Completed static elaboration
Starting simulation data flow analysis
Completed simulation data flow analysis
Time Resolution for simulation is 1ps
Compiling package std.standard
Compiling package std.textio
Compiling package ieee.std_logic_1164
Compiling package ieee.numeric_std
Compiling package ieee.math_real
Compiling package std.env
Compiling package ieee.std_logic_textio
Compiling package work.generic_utilities
Compiling package ieee.std_logic_arith
Compiling package ieee.std_logic_unsigned
Compiling package vl.vl_types
Compiling module xil_defaultlib.glbl
Compiling architecture fake_camera_arch of entity work.FAKE_CAMERA [\FAKE_CAMERA(video_int_time=1000...]
Compiling module blk_mem_gen_v8_3_6.blk_mem_gen_v8_3_6_output_stage(...
Compiling module blk_mem_gen_v8_3_6.blk_mem_gen_v8_3_6_output_stage(...
Compiling module blk_mem_gen_v8_3_6.blk_mem_gen_v8_3_6_softecc_outpu...
Compiling module blk_mem_gen_v8_3_6.blk_mem_gen_v8_3_6_mem_module(C_...
Compiling module blk_mem_gen_v8_3_6.blk_mem_gen_v8_3_6(C_FAMILY="art...
Compiling module xil_defaultlib.transpose_bram
Compiling architecture video_transpose_arch of entity work.video_transpose [\video_transpose(video_int_time=...]
Compiling architecture project_top_arch of entity work.PROJECT_TOP [project_top_default]
Compiling architecture tb_filter_arch of entity xil_defaultlib.tb_filter
Built simulation snapshot TB_FILTER_behav
